<?xml version="1.0" encoding="UTF-8"?>
<!-- Generated by org.testng.reporters.JUnitReportReporter -->
<testsuite hostname="DESKTOP-1MBP6RR" name="com.mechlin.controller.JenkinsTest" tests="1" failures="0" timestamp="15 May 2017 06:35:28 GMT" time="13.720" errors="0">
  <testcase name="testJenkins" time="13.720" classname="com.mechlin.controller.JenkinsTest"/>
</testsuite> <!-- com.mechlin.controller.JenkinsTest -->
